2018-Sep-30 19:04:11 INFO  Main - Entering app ...
2018-Sep-30 19:04:11 DEBUG Main - debag...
2018-Sep-30 19:04:11 WARN  Main - Hello log4j ...
2018-Sep-30 19:04:11 ERROR Main - Something mess code
java.lang.Exception: Invalid message
	at Main.main(Main.java:16) [jd2/:?]
2018-Sep-30 19:04:11 FATAL Main - Exiting app....
2018-Sep-30 19:05:30 INFO  Main - Entering app ...
2018-Sep-30 19:05:30 DEBUG Main - debag...
2018-Sep-30 19:05:30 WARN  Main - Hello log4j ...
2018-Sep-30 19:05:30 ERROR Main - Something mess code
java.lang.Exception: Invalid message
	at Main.main(Main.java:16) [jd2/:?]
2018-Sep-30 19:05:30 FATAL Main - Exiting app....
2018-Sep-30 19:12:36 INFO  Main - Entering app ...
2018-Sep-30 19:12:36 DEBUG Main - debag...
2018-Sep-30 19:12:36 WARN  Main - Hello log4j ...
2018-Sep-30 19:12:36 ERROR Main - Something mess code
java.lang.Exception: Invalid message
	at Main.main(Main.java:16) [jd2/:?]
2018-Sep-30 19:12:36 FATAL Main - Exiting app....
2018-Oct-09 13:32:26 WARN  FileDataValidation - Invalid string.1.1,2.2,3.3,4.4,5.5,6.67777
2018-Oct-09 13:32:52 WARN  FileDataValidation - Invalid string.1.1,2.2, 3.3,4.4,5.5,6.677
2018-Oct-09 13:36:13 WARN  FileDataValidation - Invalid string.1111.1,2.2,3.3,4.4,5.5,6.677
2018-Oct-09 13:36:19 WARN  FileDataValidation - Invalid string.1111.1,2.2,3.3,4.4,5.5,6.677
2018-Oct-15 19:20:42 INFO  Calculation - The edge of figure cannot be negative!
2018-Oct-15 19:22:53 INFO  Calculation - The edge of figure cannot be negative!
2018-Oct-15 19:24:45 INFO  Calculation - The edge of figure cannot be negative!
2018-Oct-18 20:07:57 INFO  group12.zhylin.task1.action.Calculation - The edge of figure cannot be negative!
2018-Oct-18 20:08:13 WARN  group12.zhylin.task1.validation.FileDataValidation - Invalid string.1111.1,2.2,3.3,4.4,5.5,6.677
2018-Oct-18 20:58:18 INFO  group12.zhylin.task1.action.Calculation - The edge of figure cannot be negative!
2018-Oct-18 21:40:11 INFO  group12.zhylin.task1.action.Calculation - The edge of figure cannot be negative!
2018-Nov-01 17:19:02 INFO  group12.zhylin.task2.reader.TextReader - File is reader
2018-Nov-01 17:25:22 INFO  group12.zhylin.task2.reader.TextReader - File is reader
2018-Nov-01 17:25:22 WARN  group12.zhylin.task2.interpretator.Interpreter - Bit expression incorrect
javax.script.ScriptException: <eval>:1:0 Expected an operand but found .
.
^ in <eval> at line number 1 at column number 0
	at jdk.nashorn.api.scripting.NashornScriptEngine.throwAsScriptException(NashornScriptEngine.java:470) ~[nashorn.jar:?]
	at jdk.nashorn.api.scripting.NashornScriptEngine.compileImpl(NashornScriptEngine.java:537) ~[nashorn.jar:?]
	at jdk.nashorn.api.scripting.NashornScriptEngine.compileImpl(NashornScriptEngine.java:524) ~[nashorn.jar:?]
	at jdk.nashorn.api.scripting.NashornScriptEngine.evalImpl(NashornScriptEngine.java:402) ~[nashorn.jar:?]
	at jdk.nashorn.api.scripting.NashornScriptEngine.eval(NashornScriptEngine.java:155) ~[nashorn.jar:?]
	at javax.script.AbstractScriptEngine.eval(AbstractScriptEngine.java:264) ~[?:1.8.0_151]
	at by.group12.zhylin.Composite.interpretator.Interpreter.bitExpressionCalc(Interpreter.java:17) [jd2/:?]
	at by.group12.zhylin.Composite.parser.LexemParse.parse(LexemParse.java:29) [jd2/:?]
	at by.group12.zhylin.Composite.parser.SentenceParse.parse(SentenceParse.java:27) [jd2/:?]
	at by.group12.zhylin.Composite.parser.ParagraphParse.parse(ParagraphParse.java:33) [jd2/:?]
	at by.group12.zhylin.Composite.parser.TextParse.parse(TextParse.java:25) [jd2/:?]
	at by.group12.zhylin.Composite.program.Main.main(Main.java:20) [jd2/:?]
Caused by: jdk.nashorn.internal.runtime.ParserException: <eval>:1:0 Expected an operand but found .
.
^
	at jdk.nashorn.internal.parser.AbstractParser.error(AbstractParser.java:294) ~[nashorn.jar:?]
	at jdk.nashorn.internal.parser.AbstractParser.error(AbstractParser.java:279) ~[nashorn.jar:?]
	at jdk.nashorn.internal.parser.Parser.memberExpression(Parser.java:2536) ~[nashorn.jar:?]
	at jdk.nashorn.internal.parser.Parser.leftHandSideExpression(Parser.java:2372) ~[nashorn.jar:?]
	at jdk.nashorn.internal.parser.Parser.unaryExpression(Parser.java:3147) ~[nashorn.jar:?]
	at jdk.nashorn.internal.parser.Parser.expression(Parser.java:3282) ~[nashorn.jar:?]
	at jdk.nashorn.internal.parser.Parser.expressionStatement(Parser.java:1150) ~[nashorn.jar:?]
	at jdk.nashorn.internal.parser.Parser.statement(Parser.java:967) ~[nashorn.jar:?]
	at jdk.nashorn.internal.parser.Parser.sourceElements(Parser.java:773) ~[nashorn.jar:?]
	at jdk.nashorn.internal.parser.Parser.program(Parser.java:709) ~[nashorn.jar:?]
	at jdk.nashorn.internal.parser.Parser.parse(Parser.java:283) ~[nashorn.jar:?]
	at jdk.nashorn.internal.parser.Parser.parse(Parser.java:249) ~[nashorn.jar:?]
	at jdk.nashorn.internal.runtime.Context.compile(Context.java:1284) ~[nashorn.jar:?]
	at jdk.nashorn.internal.runtime.Context.compileScript(Context.java:1251) ~[nashorn.jar:?]
	at jdk.nashorn.internal.runtime.Context.compileScript(Context.java:627) ~[nashorn.jar:?]
	at jdk.nashorn.api.scripting.NashornScriptEngine.compileImpl(NashornScriptEngine.java:535) ~[nashorn.jar:?]
	... 10 more
2018-Nov-01 17:30:05 INFO  group12.zhylin.task2.reader.TextReader - File is reader
2018-Nov-01 17:43:13 INFO  group12.zhylin.task2.reader.TextReader - File is reader
2018-Nov-01 18:06:56 INFO  group12.zhylin.task2.reader.TextReader - File is reader
2018-Nov-01 18:13:34 INFO  group12.zhylin.task2.reader.TextReader - File is reader
2018-Nov-01 18:16:16 INFO  group12.zhylin.task2.reader.TextReader - File is reader
2018-Nov-01 18:20:52 INFO  group12.zhylin.task2.reader.TextReader - File is reader
2018-Nov-01 18:25:25 INFO  group12.zhylin.task2.reader.TextReader - File is reader
2018-Nov-01 18:29:13 INFO  group12.zhylin.task2.reader.TextReader - File is reader
2018-Nov-01 18:33:08 INFO  group12.zhylin.task2.reader.TextReader - File is reader
2018-Nov-01 18:39:59 INFO  group12.zhylin.task2.reader.TextReader - File is reader
2018-Nov-01 18:49:13 INFO  group12.zhylin.task2.reader.TextReader - File is reader
2018-Nov-01 19:47:32 INFO  group12.zhylin.task2.reader.TextReader - File is reader
2018-Nov-01 19:48:36 INFO  group12.zhylin.task2.reader.TextReader - File is reader
2018-Nov-01 19:51:01 INFO  group12.zhylin.task2.reader.TextReader - File is reader
2018-Nov-01 20:00:22 INFO  group12.zhylin.task2.interpretator.Interpreter - Bit expression counted
2018-Nov-01 20:00:49 INFO  group12.zhylin.task2.interpretator.Interpreter - Bit expression counted
2018-Nov-01 20:04:40 INFO  group12.zhylin.task2.interpretator.Interpreter - Bit expression counted
2018-Nov-01 20:21:35 INFO  group12.zhylin.task2.interpretator.Interpreter - Bit expression counted
2018-Nov-01 20:22:49 INFO  group12.zhylin.task2.interpretator.Interpreter - Bit expression counted
2018-Nov-01 20:30:03 INFO  group12.zhylin.task2.reader.TextReader - File is reader
2018-Nov-01 20:33:35 INFO  group12.zhylin.task2.reader.TextReader - File is reader
2018-Nov-01 20:45:53 INFO  group12.zhylin.task2.reader.TextReader - File is reader
2018-Nov-01 20:45:54 INFO  group12.zhylin.task2.interpretator.Interpreter - Bit expression counted
2018-Nov-01 20:45:54 INFO  group12.zhylin.task2.interpretator.Interpreter - Bit expression counted
2018-Nov-01 20:45:54 INFO  group12.zhylin.task2.interpretator.Interpreter - Bit expression counted
2018-Nov-01 20:45:54 INFO  group12.zhylin.task2.interpretator.Interpreter - Bit expression counted
2018-Nov-01 20:45:54 INFO  group12.zhylin.task2.interpretator.Interpreter - Bit expression counted
2018-Nov-01 20:45:54 INFO  group12.zhylin.task2.interpretator.Interpreter - Bit expression counted
2018-Nov-01 20:46:23 INFO  group12.zhylin.task2.reader.TextReader - File is reader
2018-Nov-01 20:46:24 INFO  group12.zhylin.task2.interpretator.Interpreter - Bit expression counted
2018-Nov-01 20:46:24 INFO  group12.zhylin.task2.interpretator.Interpreter - Bit expression counted
2018-Nov-01 20:46:24 INFO  group12.zhylin.task2.interpretator.Interpreter - Bit expression counted
2018-Nov-01 20:46:24 INFO  group12.zhylin.task2.interpretator.Interpreter - Bit expression counted
2018-Nov-01 20:46:24 INFO  group12.zhylin.task2.interpretator.Interpreter - Bit expression counted
2018-Nov-01 20:46:24 INFO  group12.zhylin.task2.interpretator.Interpreter - Bit expression counted
2018-Nov-01 20:49:13 INFO  group12.zhylin.task2.reader.TextReader - File is reader
2018-Nov-01 20:49:14 INFO  group12.zhylin.task2.interpretator.Interpreter - Bit expression counted
2018-Nov-01 20:49:14 INFO  group12.zhylin.task2.interpretator.Interpreter - Bit expression counted
2018-Nov-01 20:49:14 INFO  group12.zhylin.task2.interpretator.Interpreter - Bit expression counted
2018-Nov-01 20:49:14 INFO  group12.zhylin.task2.interpretator.Interpreter - Bit expression counted
2018-Nov-01 20:49:14 INFO  group12.zhylin.task2.interpretator.Interpreter - Bit expression counted
2018-Nov-01 20:49:14 INFO  group12.zhylin.task2.interpretator.Interpreter - Bit expression counted
2018-Nov-01 21:04:04 INFO  group12.zhylin.task2.reader.TextReader - File is reader
2018-Nov-01 21:04:05 INFO  group12.zhylin.task2.interpretator.Interpreter - Bit expression counted
2018-Nov-01 21:04:05 INFO  group12.zhylin.task2.interpretator.Interpreter - Bit expression counted
2018-Nov-01 21:04:05 INFO  group12.zhylin.task2.interpretator.Interpreter - Bit expression counted
2018-Nov-01 21:04:05 INFO  group12.zhylin.task2.interpretator.Interpreter - Bit expression counted
2018-Nov-01 21:04:05 INFO  group12.zhylin.task2.interpretator.Interpreter - Bit expression counted
2018-Nov-01 21:04:05 INFO  group12.zhylin.task2.interpretator.Interpreter - Bit expression counted
2018-Nov-01 21:07:13 INFO  group12.zhylin.task2.reader.TextReader - File is reader
2018-Nov-01 21:07:14 INFO  group12.zhylin.task2.interpretator.Interpreter - Bit expression counted
2018-Nov-01 21:07:14 INFO  group12.zhylin.task2.interpretator.Interpreter - Bit expression counted
2018-Nov-01 21:07:14 INFO  group12.zhylin.task2.interpretator.Interpreter - Bit expression counted
2018-Nov-01 21:07:14 INFO  group12.zhylin.task2.interpretator.Interpreter - Bit expression counted
2018-Nov-01 21:07:14 INFO  group12.zhylin.task2.interpretator.Interpreter - Bit expression counted
